Edge TPU Compiler version 2.0.291256449
Input: /home/kopi/diplomka/training/output/resnet/model/output_tflite_graph.tflite
Output: /home/kopi/diplomka/training/output/resnet/model/output_tflite_graph_edgetpu.tflite

Operator                       Count      Status

LOGISTIC                       1          More than one subgraph is not supported
CUSTOM                         1          Operation is working on an unsupported data type
ADD                            16         Mapped to Edge TPU
ADD                            2          More than one subgraph is not supported
MAX_POOL_2D                    4          Mapped to Edge TPU
CONCATENATION                  2          More than one subgraph is not supported
MUL                            2          Tensor has unsupported rank (up to 3 innermost dimensions mapped)
PAD                            1          Mapped to Edge TPU
CONV_2D                        88         Mapped to Edge TPU
CONV_2D                        22         More than one subgraph is not supported
RESHAPE                        2          Tensor has unsupported rank (up to 3 innermost dimensions mapped)
RESHAPE                        6          Mapped to Edge TPU
RESHAPE                        6          More than one subgraph is not supported
---Additional informations---
width:          320
height:          320
